Java HotSpot(TM) 64-Bit Server VM warning: Cannot open file logs/gc/gclog.log due to No such file or directory


  .   ____          _            __ _ _
 /\\ / ___'_ __ _ _(_)_ __  __ _ \ \ \ \
( ( )\___ | '_ | '_| | '_ \/ _` | \ \ \ \
 \\/  ___)| |_)| | | | | || (_| |  ) ) ) )
  '  |____| .__|_| |_|_| |_\__, | / / / /
 =========|_|==============|___/=/_/_/_/
 :: Spring Boot ::                (v2.5.4)

2021-10-09 16:42:15.221  INFO 1504 --- [           main] com.example.wblog.WblogApplication       : Starting WblogApplication v0.0.1-SNAPSHOT using Java 1.8.0_301 on DESKTOP-KFVCDKU with PID 1504 (E:\LearnPython\code\wblog\target\wblog-0.0.1-SNAPSHOT.jar started by zhuzhu in E:\LearnPython\code\wblog)
2021-10-09 16:42:15.224  INFO 1504 --- [           main] com.example.wblog.WblogApplication       : No active profile set, falling back to default profiles: default
2021-10-09 16:42:18.644  INFO 1504 --- [           main] o.s.b.w.embedded.tomcat.TomcatWebServer  : Tomcat initialized with port(s): 8848 (http)
2021-10-09 16:42:18.659  INFO 1504 --- [           main] o.apache.catalina.core.StandardService   : Starting service [Tomcat]
2021-10-09 16:42:18.659  INFO 1504 --- [           main] org.apache.catalina.core.StandardEngine  : Starting Servlet engine: [Apache Tomcat/9.0.52]
2021-10-09 16:42:18.782  INFO 1504 --- [           main] o.a.c.c.C.[Tomcat].[localhost].[/]       : Initializing Spring embedded WebApplicationContext
2021-10-09 16:42:18.782  INFO 1504 --- [           main] w.s.c.ServletWebServerApplicationContext : Root WebApplicationContext: initialization completed in 3454 ms
Logging initialized using 'class org.apache.ibatis.logging.stdout.StdOutImpl' adapter.
2021-10-09 16:42:19.987  INFO 1504 --- [           main] o.s.b.a.w.s.WelcomePageHandlerMapping    : Adding welcome page: class path resource [static/index.html]
2021-10-09 16:42:20.469  INFO 1504 --- [           main] o.s.s.web.DefaultSecurityFilterChain     : Will secure Ant [pattern='/blogimg/**'] with []
2021-10-09 16:42:20.470  INFO 1504 --- [           main] o.s.s.web.DefaultSecurityFilterChain     : Will secure Ant [pattern='/index.html'] with []
2021-10-09 16:42:20.470  INFO 1504 --- [           main] o.s.s.web.DefaultSecurityFilterChain     : Will secure Ant [pattern='/static/**'] with []
2021-10-09 16:42:20.470  INFO 1504 --- [           main] o.s.s.web.DefaultSecurityFilterChain     : Will secure Ant [pattern='/reg'] with []
2021-10-09 16:42:20.520  INFO 1504 --- [           main] o.s.s.web.DefaultSecurityFilterChain     : Will secure any request with [org.springframework.security.web.context.request.async.WebAsyncManagerIntegrationFilter@6950ed69, org.springframework.security.web.context.SecurityContextPersistenceFilter@163370c2, org.springframework.security.web.header.HeaderWriterFilter@13df2a8c, org.springframework.security.web.authentication.logout.LogoutFilter@6b0d80ed, org.springframework.security.web.authentication.UsernamePasswordAuthenticationFilter@31edaa7d, org.springframework.security.web.savedrequest.RequestCacheAwareFilter@1b410b60, org.springframework.security.web.servletapi.SecurityContextHolderAwareRequestFilter@64ec96c6, org.springframework.security.web.authentication.AnonymousAuthenticationFilter@6dd7b5a3, org.springframework.security.web.session.SessionManagementFilter@72d6b3ba, org.springframework.security.web.access.ExceptionTranslationFilter@4808bc9b, org.springframework.security.web.access.intercept.FilterSecurityInterceptor@93081b6]
2021-10-09 16:42:20.595  INFO 1504 --- [           main] o.s.b.w.embedded.tomcat.TomcatWebServer  : Tomcat started on port(s): 8848 (http) with context path ''
2021-10-09 16:42:20.612  INFO 1504 --- [           main] com.example.wblog.WblogApplication       : Started WblogApplication in 6.207 seconds (JVM running for 6.851)
2021-10-09 16:42:29.977  INFO 1504 --- [nio-8848-exec-1] o.a.c.c.C.[Tomcat].[localhost].[/]       : Initializing Spring DispatcherServlet 'dispatcherServlet'
2021-10-09 16:42:29.977  INFO 1504 --- [nio-8848-exec-1] o.s.web.servlet.DispatcherServlet        : Initializing Servlet 'dispatcherServlet'
2021-10-09 16:42:29.978  INFO 1504 --- [nio-8848-exec-1] o.s.web.servlet.DispatcherServlet        : Completed initialization in 1 ms
